Determining if the pthread_create exist failed with the following output:
Change Dir: /home/eloise/catkin-ws/build/CMakeFiles/CMakeTmp

Run Build Command:"/usr/bin/make" "cmTC_0ee6c/fast"
/usr/bin/make -f CMakeFiles/cmTC_0ee6c.dir/build.make CMakeFiles/cmTC_0ee6c.dir/build
make[1]: se entra en el directorio '/home/eloise/catkin-ws/build/CMakeFiles/CMakeTmp'
Building C object CMakeFiles/cmTC_0ee6c.dir/CheckSymbolExists.c.o
/usr/bin/cc     -o CMakeFiles/cmTC_0ee6c.dir/CheckSymbolExists.c.o   -c /home/eloise/catkin-ws/build/CMakeFiles/CMakeTmp/CheckSymbolExists.c
Linking C executable cmTC_0ee6c
/usr/bin/cmake -E cmake_link_script CMakeFiles/cmTC_0ee6c.dir/link.txt --verbose=1
/usr/bin/cc       CMakeFiles/cmTC_0ee6c.dir/CheckSymbolExists.c.o  -o cmTC_0ee6c -rdynamic 
CMakeFiles/cmTC_0ee6c.dir/CheckSymbolExists.c.o: En la función `main':
CheckSymbolExists.c:(.text+0x16): referencia a `pthread_create' sin definir
collect2: error: ld returned 1 exit status
CMakeFiles/cmTC_0ee6c.dir/build.make:97: fallo en las instrucciones para el objetivo 'cmTC_0ee6c'
make[1]: *** [cmTC_0ee6c] Error 1
make[1]: se sale del directorio '/home/eloise/catkin-ws/build/CMakeFiles/CMakeTmp'
Makefile:126: fallo en las instrucciones para el objetivo 'cmTC_0ee6c/fast'
make: *** [cmTC_0ee6c/fast] Error 2

File /home/eloise/catkin-ws/build/CMakeFiles/CMakeTmp/CheckSymbolExists.c:
/* */
#include <pthread.h>

int main(int argc, char** argv)
{
  (void)argv;
#ifndef pthread_create
  return ((int*)(&pthread_create))[argc];
#else
  (void)argc;
  return 0;
#endif
}

Determining if the function pthread_create exists in the pthreads failed with the following output:
Change Dir: /home/eloise/catkin-ws/build/CMakeFiles/CMakeTmp

Run Build Command:"/usr/bin/make" "cmTC_5b76c/fast"
/usr/bin/make -f CMakeFiles/cmTC_5b76c.dir/build.make CMakeFiles/cmTC_5b76c.dir/build
make[1]: se entra en el directorio '/home/eloise/catkin-ws/build/CMakeFiles/CMakeTmp'
Building C object CMakeFiles/cmTC_5b76c.dir/CheckFunctionExists.c.o
/usr/bin/cc    -DCHECK_FUNCTION_EXISTS=pthread_create   -o CMakeFiles/cmTC_5b76c.dir/CheckFunctionExists.c.o   -c /usr/share/cmake-3.5/Modules/CheckFunctionExists.c
Linking C executable cmTC_5b76c
/usr/bin/cmake -E cmake_link_script CMakeFiles/cmTC_5b76c.dir/link.txt --verbose=1
/usr/bin/cc   -DCHECK_FUNCTION_EXISTS=pthread_create    CMakeFiles/cmTC_5b76c.dir/CheckFunctionExists.c.o  -o cmTC_5b76c -rdynamic -lpthreads 
/usr/bin/ld: no se puede encontrar -lpthreads
collect2: error: ld returned 1 exit status
CMakeFiles/cmTC_5b76c.dir/build.make:97: fallo en las instrucciones para el objetivo 'cmTC_5b76c'
make[1]: *** [cmTC_5b76c] Error 1
make[1]: se sale del directorio '/home/eloise/catkin-ws/build/CMakeFiles/CMakeTmp'
Makefile:126: fallo en las instrucciones para el objetivo 'cmTC_5b76c/fast'
make: *** [cmTC_5b76c/fast] Error 2


